obsolete/android/app/build/intermediates/manifest_merge_blame_file/debug/processDebugMainManifest/manifest-merger-blame-debug-report.txt
1<?xml version="1.0" encoding="utf-8"?>
2<manifest xmlns:android="http://schemas.android.com/apk/res/android"
3    package="de.familienkalender.app"
4    android:versionCode="1"
5    android:versionName="1.0" >
6
7    <uses-sdk
8        android:minSdkVersion="26"
9        android:targetSdkVersion="35" />
10
11    <uses-permission android:name="android.permission.INTERNET" />
11-->src\main\AndroidManifest.xml:5:5-67
11-->src\main\AndroidManifest.xml:5:22-64
12    <uses-permission android:name="android.permission.ACCESS_NETWORK_STATE" />
12-->src\main\AndroidManifest.xml:6:5-79
12-->src\main\AndroidManifest.xml:6:22-76
13    <uses-permission android:name="android.permission.RECORD_AUDIO" />
13-->src\main\AndroidManifest.xml:7:5-71
13-->src\main\AndroidManifest.xml:7:22-68
14    <uses-permission android:name="android.permission.WAKE_LOCK" />
14-->[androidx.work:work-runtime:2.10.0] AndroidManifest.xml:23:5-68
14-->[androidx.work:work-runtime:2.10.0] AndroidManifest.xml:23:22-65
15    <uses-permission android:name="android.permission.RECEIVE_BOOT_COMPLETED" />
15-->[androidx.work:work-runtime:2.10.0] AndroidManifest.xml:25:5-81
15-->[androidx.work:work-runtime:2.10.0] AndroidManifest.xml:25:22-78
16    <uses-permission android:name="android.permission.FOREGROUND_SERVICE" />
16-->[androidx.work:work-runtime:2.10.0] AndroidManifest.xml:26:5-77
16-->[androidx.work:work-runtime:2.10.0] AndroidManifest.xml:26:22-74
17
18    <permission
18-->[androidx.core:core:1.15.0] AndroidManifest.xml:22:5-24:47
19        android:name="de.familienkalender.app.DYNAMIC_RECEIVER_NOT_EXPORTED_PERMISSION"
19-->[androidx.core:core:1.15.0] AndroidManifest.xml:23:9-81
20        android:protectionLevel="signature" />
20-->[androidx.core:core:1.15.0] AndroidManifest.xml:24:9-44
21
22    <uses-permission android:name="de.familienkalender.app.DYNAMIC_RECEIVER_NOT_EXPORTED_PERMISSION" />
22-->[androidx.core:core:1.15.0] AndroidManifest.xml:26:5-97
22-->[androidx.core:core:1.15.0] AndroidManifest.xml:26:22-94
23
24    <application
24-->src\main\AndroidManifest.xml:9:5-28:19
25        android:name="de.familienkalender.app.FamilienkalenderApp"
25-->src\main\AndroidManifest.xml:10:9-44
26        android:allowBackup="true"
26-->src\main\AndroidManifest.xml:11:9-35
27        android:appComponentFactory="androidx.core.app.CoreComponentFactory"
27-->[androidx.core:core:1.15.0] AndroidManifest.xml:28:18-86
28        android:debuggable="true"
29        android:extractNativeLibs="false"
30        android:icon="@mipmap/ic_launcher"
30-->src\main\AndroidManifest.xml:13:9-43
31        android:label="@string/app_name"
31-->src\main\AndroidManifest.xml:15:9-41
32        android:roundIcon="@mipmap/ic_launcher_round"
32-->src\main\AndroidManifest.xml:14:9-54
33        android:supportsRtl="true"
33-->src\main\AndroidManifest.xml:16:9-35
34        android:testOnly="true"
35        android:theme="@style/Theme.Familienkalender"
35-->src\main\AndroidManifest.xml:17:9-54
36        android:usesCleartextTraffic="true" >
36-->src\main\AndroidManifest.xml:12:9-44
37        <activity
37-->src\main\AndroidManifest.xml:19:9-27:20
38            android:name="de.familienkalender.app.MainActivity"
38-->src\main\AndroidManifest.xml:20:13-41
39            android:exported="true"
39-->src\main\AndroidManifest.xml:21:13-36
40            android:theme="@style/Theme.Familienkalender" >
40-->src\main\AndroidManifest.xml:22:13-58
41            <intent-filter>
41-->src\main\AndroidManifest.xml:23:13-26:29
42                <action android:name="android.intent.action.MAIN" />
42-->src\main\AndroidManifest.xml:24:17-69
42-->src\main\AndroidManifest.xml:24:25-66
43
44                <category android:name="android.intent.category.LAUNCHER" />
44-->src\main\AndroidManifest.xml:25:17-77
44-->src\main\AndroidManifest.xml:25:27-74
45            </intent-filter>
46        </activity>
47
48        <provider
48-->[androidx.work:work-runtime:2.10.0] AndroidManifest.xml:29:9-37:20
49            android:name="androidx.startup.InitializationProvider"
49-->[androidx.work:work-runtime:2.10.0] AndroidManifest.xml:30:13-67
50            android:authorities="de.familienkalender.app.androidx-startup"
50-->[androidx.work:work-runtime:2.10.0] AndroidManifest.xml:31:13-68
51            android:exported="false" >
51-->[androidx.work:work-runtime:2.10.0] AndroidManifest.xml:32:13-37
52            <meta-data
52-->[androidx.work:work-runtime:2.10.0] AndroidManifest.xml:34:13-36:52
53                android:name="androidx.work.WorkManagerInitializer"
53-->[androidx.work:work-runtime:2.10.0] AndroidManifest.xml:35:17-68
54                android:value="androidx.startup" />
54-->[androidx.work:work-runtime:2.10.0] AndroidManifest.xml:36:17-49
55            <meta-data
55-->[androidx.emoji2:emoji2:1.3.0] AndroidManifest.xml:29:13-31:52
56                android:name="androidx.emoji2.text.EmojiCompatInitializer"
56-->[androidx.emoji2:emoji2:1.3.0] AndroidManifest.xml:30:17-75
57                android:value="androidx.startup" />
57-->[androidx.emoji2:emoji2:1.3.0] AndroidManifest.xml:31:17-49
58            <meta-data
58-->[androidx.lifecycle:lifecycle-process:2.8.7] AndroidManifest.xml:29:13-31:52
59                android:name="androidx.lifecycle.ProcessLifecycleInitializer"
59-->[androidx.lifecycle:lifecycle-process:2.8.7] AndroidManifest.xml:30:17-78
60                android:value="androidx.startup" />
60-->[androidx.lifecycle:lifecycle-process:2.8.7] AndroidManifest.xml:31:17-49
61            <meta-data
61-->[androidx.profileinstaller:profileinstaller:1.3.1] AndroidManifest.xml:29:13-31:52
62                android:name="androidx.profileinstaller.ProfileInstallerInitializer"
62-->[androidx.profileinstaller:profileinstaller:1.3.1] AndroidManifest.xml:30:17-85
63                android:value="androidx.startup" />
63-->[androidx.profileinstaller:profileinstaller:1.3.1] AndroidManifest.xml:31:17-49
64        </provider>
65
66        <service
66-->[androidx.work:work-runtime:2.10.0] AndroidManifest.xml:39:9-45:35
67            android:name="androidx.work.impl.background.systemalarm.SystemAlarmService"
67-->[androidx.work:work-runtime:2.10.0] AndroidManifest.xml:40:13-88
68            android:directBootAware="false"
68-->[androidx.work:work-runtime:2.10.0] AndroidManifest.xml:41:13-44
69            android:enabled="@bool/enable_system_alarm_service_default"
69-->[androidx.work:work-runtime:2.10.0] AndroidManifest.xml:42:13-72
70            android:exported="false" />
70-->[androidx.work:work-runtime:2.10.0] AndroidManifest.xml:43:13-37
71        <service
71-->[androidx.work:work-runtime:2.10.0] AndroidManifest.xml:46:9-52:35
72            android:name="androidx.work.impl.background.systemjob.SystemJobService"
72-->[androidx.work:work-runtime:2.10.0] AndroidManifest.xml:47:13-84
73            android:directBootAware="false"
73-->[androidx.work:work-runtime:2.10.0] AndroidManifest.xml:48:13-44
74            android:enabled="@bool/enable_system_job_service_default"
74-->[androidx.work:work-runtime:2.10.0] AndroidManifest.xml:49:13-70
75            android:exported="true"
75-->[androidx.work:work-runtime:2.10.0] AndroidManifest.xml:50:13-36
76            android:permission="android.permission.BIND_JOB_SERVICE" />
76-->[androidx.work:work-runtime:2.10.0] AndroidManifest.xml:51:13-69
77        <service
77-->[androidx.work:work-runtime:2.10.0] AndroidManifest.xml:53:9-59:35
78            android:name="androidx.work.impl.foreground.SystemForegroundService"
78-->[androidx.work:work-runtime:2.10.0] AndroidManifest.xml:54:13-81
79            android:directBootAware="false"
79-->[androidx.work:work-runtime:2.10.0] AndroidManifest.xml:55:13-44
80            android:enabled="@bool/enable_system_foreground_service_default"
80-->[androidx.work:work-runtime:2.10.0] AndroidManifest.xml:56:13-77
81            android:exported="false" />
81-->[androidx.work:work-runtime:2.10.0] AndroidManifest.xml:57:13-37
82
83        <receiver
83-->[androidx.work:work-runtime:2.10.0] AndroidManifest.xml:61:9-66:35
84            android:name="androidx.work.impl.utils.ForceStopRunnable$BroadcastReceiver"
84-->[androidx.work:work-runtime:2.10.0] AndroidManifest.xml:62:13-88
85            android:directBootAware="false"
85-->[androidx.work:work-runtime:2.10.0] AndroidManifest.xml:63:13-44
86            android:enabled="true"
86-->[androidx.work:work-runtime:2.10.0] AndroidManifest.xml:64:13-35
87            android:exported="false" />
87-->[androidx.work:work-runtime:2.10.0] AndroidManifest.xml:65:13-37
88        <receiver
88-->[androidx.work:work-runtime:2.10.0] AndroidManifest.xml:67:9-77:20
89            android:name="androidx.work.impl.background.systemalarm.ConstraintProxy$BatteryChargingProxy"
89-->[androidx.work:work-runtime:2.10.0] AndroidManifest.xml:68:13-106
90            android:directBootAware="false"
90-->[androidx.work:work-runtime:2.10.0] AndroidManifest.xml:69:13-44
91            android:enabled="false"
91-->[androidx.work:work-runtime:2.10.0] AndroidManifest.xml:70:13-36
92            android:exported="false" >
92-->[androidx.work:work-runtime:2.10.0] AndroidManifest.xml:71:13-37
93            <intent-filter>
93-->[androidx.work:work-runtime:2.10.0] AndroidManifest.xml:73:13-76:29
94                <action android:name="android.intent.action.ACTION_POWER_CONNECTED" />
94-->[androidx.work:work-runtime:2.10.0] AndroidManifest.xml:74:17-87
94-->[androidx.work:work-runtime:2.10.0] AndroidManifest.xml:74:25-84
95                <action android:name="android.intent.action.ACTION_POWER_DISCONNECTED" />
95-->[androidx.work:work-runtime:2.10.0] AndroidManifest.xml:75:17-90
95-->[androidx.work:work-runtime:2.10.0] AndroidManifest.xml:75:25-87
96            </intent-filter>
97        </receiver>
98        <receiver
98-->[androidx.work:work-runtime:2.10.0] AndroidManifest.xml:78:9-88:20
99            android:name="androidx.work.impl.background.systemalarm.ConstraintProxy$BatteryNotLowProxy"
99-->[androidx.work:work-runtime:2.10.0] AndroidManifest.xml:79:13-104
100            android:directBootAware="false"
100-->[androidx.work:work-runtime:2.10.0] AndroidManifest.xml:80:13-44
101            android:enabled="false"
101-->[androidx.work:work-runtime:2.10.0] AndroidManifest.xml:81:13-36
102            android:exported="false" >
102-->[androidx.work:work-runtime:2.10.0] AndroidManifest.xml:82:13-37
103            <intent-filter>
103-->[androidx.work:work-runtime:2.10.0] AndroidManifest.xml:84:13-87:29
104                <action android:name="android.intent.action.BATTERY_OKAY" />
104-->[androidx.work:work-runtime:2.10.0] AndroidManifest.xml:85:17-77
104-->[androidx.work:work-runtime:2.10.0] AndroidManifest.xml:85:25-74
105                <action android:name="android.intent.action.BATTERY_LOW" />
105-->[androidx.work:work-runtime:2.10.0] AndroidManifest.xml:86:17-76
105-->[androidx.work:work-runtime:2.10.0] AndroidManifest.xml:86:25-73
106            </intent-filter>
107        </receiver>
108        <receiver
108-->[androidx.work:work-runtime:2.10.0] AndroidManifest.xml:89:9-99:20
109            android:name="androidx.work.impl.background.systemalarm.ConstraintProxy$StorageNotLowProxy"
109-->[androidx.work:work-runtime:2.10.0] AndroidManifest.xml:90:13-104
110            android:directBootAware="false"
110-->[androidx.work:work-runtime:2.10.0] AndroidManifest.xml:91:13-44
111            android:enabled="false"
111-->[androidx.work:work-runtime:2.10.0] AndroidManifest.xml:92:13-36
112            android:exported="false" >
112-->[androidx.work:work-runtime:2.10.0] AndroidManifest.xml:93:13-37
113            <intent-filter>
113-->[androidx.work:work-runtime:2.10.0] AndroidManifest.xml:95:13-98:29
114                <action android:name="android.intent.action.DEVICE_STORAGE_LOW" />
114-->[androidx.work:work-runtime:2.10.0] AndroidManifest.xml:96:17-83
114-->[androidx.work:work-runtime:2.10.0] AndroidManifest.xml:96:25-80
115                <action android:name="android.intent.action.DEVICE_STORAGE_OK" />
115-->[androidx.work:work-runtime:2.10.0] AndroidManifest.xml:97:17-82
115-->[androidx.work:work-runtime:2.10.0] AndroidManifest.xml:97:25-79
116            </intent-filter>
117        </receiver>
118        <receiver
118-->[androidx.work:work-runtime:2.10.0] AndroidManifest.xml:100:9-109:20
119            android:name="androidx.work.impl.background.systemalarm.ConstraintProxy$NetworkStateProxy"
119-->[androidx.work:work-runtime:2.10.0] AndroidManifest.xml:101:13-103
120            android:directBootAware="false"
120-->[androidx.work:work-runtime:2.10.0] AndroidManifest.xml:102:13-44
121            android:enabled="false"
121-->[androidx.work:work-runtime:2.10.0] AndroidManifest.xml:103:13-36
122            android:exported="false" >
122-->[androidx.work:work-runtime:2.10.0] AndroidManifest.xml:104:13-37
123            <intent-filter>
123-->[androidx.work:work-runtime:2.10.0] AndroidManifest.xml:106:13-108:29
124                <action android:name="android.net.conn.CONNECTIVITY_CHANGE" />
124-->[androidx.work:work-runtime:2.10.0] AndroidManifest.xml:107:17-79
124-->[androidx.work:work-runtime:2.10.0] AndroidManifest.xml:107:25-76
125            </intent-filter>
126        </receiver>
127        <receiver
127-->[androidx.work:work-runtime:2.10.0] AndroidManifest.xml:110:9-121:20
128            android:name="androidx.work.impl.background.systemalarm.RescheduleReceiver"
128-->[androidx.work:work-runtime:2.10.0] AndroidManifest.xml:111:13-88
129            android:directBootAware="false"
129-->[androidx.work:work-runtime:2.10.0] AndroidManifest.xml:112:13-44
130            android:enabled="false"
130-->[androidx.work:work-runtime:2.10.0] AndroidManifest.xml:113:13-36
131            android:exported="false" >
131-->[androidx.work:work-runtime:2.10.0] AndroidManifest.xml:114:13-37
132            <intent-filter>
132-->[androidx.work:work-runtime:2.10.0] AndroidManifest.xml:116:13-120:29
133                <action android:name="android.intent.action.BOOT_COMPLETED" />
133-->[androidx.work:work-runtime:2.10.0] AndroidManifest.xml:117:17-79
133-->[androidx.work:work-runtime:2.10.0] AndroidManifest.xml:117:25-76
134                <action android:name="android.intent.action.TIME_SET" />
134-->[androidx.work:work-runtime:2.10.0] AndroidManifest.xml:118:17-73
134-->[androidx.work:work-runtime:2.10.0] AndroidManifest.xml:118:25-70
135                <action android:name="android.intent.action.TIMEZONE_CHANGED" />
135-->[androidx.work:work-runtime:2.10.0] AndroidManifest.xml:119:17-81
135-->[androidx.work:work-runtime:2.10.0] AndroidManifest.xml:119:25-78
136            </intent-filter>
137        </receiver>
138        <receiver
138-->[androidx.work:work-runtime:2.10.0] AndroidManifest.xml:122:9-131:20
139            android:name="androidx.work.impl.background.systemalarm.ConstraintProxyUpdateReceiver"
139-->[androidx.work:work-runtime:2.10.0] AndroidManifest.xml:123:13-99
140            android:directBootAware="false"
140-->[androidx.work:work-runtime:2.10.0] AndroidManifest.xml:124:13-44
141            android:enabled="@bool/enable_system_alarm_service_default"
141-->[androidx.work:work-runtime:2.10.0] AndroidManifest.xml:125:13-72
142            android:exported="false" >
142-->[androidx.work:work-runtime:2.10.0] AndroidManifest.xml:126:13-37
143            <intent-filter>
143-->[androidx.work:work-runtime:2.10.0] AndroidManifest.xml:128:13-130:29
144                <action android:name="androidx.work.impl.background.systemalarm.UpdateProxies" />
144-->[androidx.work:work-runtime:2.10.0] AndroidManifest.xml:129:17-98
144-->[androidx.work:work-runtime:2.10.0] AndroidManifest.xml:129:25-95
145            </intent-filter>
146        </receiver>
147        <receiver
147-->[androidx.work:work-runtime:2.10.0] AndroidManifest.xml:132:9-142:20
148            android:name="androidx.work.impl.diagnostics.DiagnosticsReceiver"
148-->[androidx.work:work-runtime:2.10.0] AndroidManifest.xml:133:13-78
149            android:directBootAware="false"
149-->[androidx.work:work-runtime:2.10.0] AndroidManifest.xml:134:13-44
150            android:enabled="true"
150-->[androidx.work:work-runtime:2.10.0] AndroidManifest.xml:135:13-35
151            android:exported="true"
151-->[androidx.work:work-runtime:2.10.0] AndroidManifest.xml:136:13-36
152            android:permission="android.permission.DUMP" >
152-->[androidx.work:work-runtime:2.10.0] AndroidManifest.xml:137:13-57
153            <intent-filter>
153-->[androidx.work:work-runtime:2.10.0] AndroidManifest.xml:139:13-141:29
154                <action android:name="androidx.work.diagnostics.REQUEST_DIAGNOSTICS" />
154-->[androidx.work:work-runtime:2.10.0] AndroidManifest.xml:140:17-88
154-->[androidx.work:work-runtime:2.10.0] AndroidManifest.xml:140:25-85
155            </intent-filter>
156        </receiver>
157
158        <activity
158-->[androidx.compose.ui:ui-tooling-android:1.7.6] AndroidManifest.xml:23:9-25:39
159            android:name="androidx.compose.ui.tooling.PreviewActivity"
159-->[androidx.compose.ui:ui-tooling-android:1.7.6] AndroidManifest.xml:24:13-71
160            android:exported="true" />
160-->[androidx.compose.ui:ui-tooling-android:1.7.6] AndroidManifest.xml:25:13-36
161
162        <service
162-->[androidx.room:room-runtime:2.6.1] AndroidManifest.xml:24:9-28:63
163            android:name="androidx.room.MultiInstanceInvalidationService"
163-->[androidx.room:room-runtime:2.6.1] AndroidManifest.xml:25:13-74
164            android:directBootAware="true"
164-->[androidx.room:room-runtime:2.6.1] AndroidManifest.xml:26:13-43
165            android:exported="false" />
165-->[androidx.room:room-runtime:2.6.1] AndroidManifest.xml:27:13-37
166
167        <receiver
167-->[androidx.profileinstaller:profileinstaller:1.3.1] AndroidManifest.xml:34:9-52:20
168            android:name="androidx.profileinstaller.ProfileInstallReceiver"
168-->[androidx.profileinstaller:profileinstaller:1.3.1] AndroidManifest.xml:35:13-76
169            android:directBootAware="false"
169-->[androidx.profileinstaller:profileinstaller:1.3.1] AndroidManifest.xml:36:13-44
170            android:enabled="true"
170-->[androidx.profileinstaller:profileinstaller:1.3.1] AndroidManifest.xml:37:13-35
171            android:exported="true"
171-->[androidx.profileinstaller:profileinstaller:1.3.1] AndroidManifest.xml:38:13-36
172            android:permission="android.permission.DUMP" >
172-->[androidx.profileinstaller:profileinstaller:1.3.1] AndroidManifest.xml:39:13-57
173            <intent-filter>
173-->[androidx.profileinstaller:profileinstaller:1.3.1] AndroidManifest.xml:40:13-42:29
174                <action android:name="androidx.profileinstaller.action.INSTALL_PROFILE" />
174-->[androidx.profileinstaller:profileinstaller:1.3.1] AndroidManifest.xml:41:17-91
174-->[androidx.profileinstaller:profileinstaller:1.3.1] AndroidManifest.xml:41:25-88
175            </intent-filter>
176            <intent-filter>
176-->[androidx.profileinstaller:profileinstaller:1.3.1] AndroidManifest.xml:43:13-45:29
177                <action android:name="androidx.profileinstaller.action.SKIP_FILE" />
177-->[androidx.profileinstaller:profileinstaller:1.3.1] AndroidManifest.xml:44:17-85
177-->[androidx.profileinstaller:profileinstaller:1.3.1] AndroidManifest.xml:44:25-82
178            </intent-filter>
179            <intent-filter>
179-->[androidx.profileinstaller:profileinstaller:1.3.1] AndroidManifest.xml:46:13-48:29
180                <action android:name="androidx.profileinstaller.action.SAVE_PROFILE" />
180-->[androidx.profileinstaller:profileinstaller:1.3.1] AndroidManifest.xml:47:17-88
180-->[androidx.profileinstaller:profileinstaller:1.3.1] AndroidManifest.xml:47:25-85
181            </intent-filter>
182            <intent-filter>
182-->[androidx.profileinstaller:profileinstaller:1.3.1] AndroidManifest.xml:49:13-51:29
183                <action android:name="androidx.profileinstaller.action.BENCHMARK_OPERATION" />
183-->[androidx.profileinstaller:profileinstaller:1.3.1] AndroidManifest.xml:50:17-95
183-->[androidx.profileinstaller:profileinstaller:1.3.1] AndroidManifest.xml:50:25-92
184            </intent-filter>
185        </receiver>
186    </application>
187
188</manifest>